<?xml version="1.0" encoding="UTF-8"?>
<testsuite xmlns:xsi="http://www.w3.org/2001/XMLSchema-instance" xsi:noNamespaceSchemaLocation="https://maven.apache.org/surefire/maven-surefire-plugin/xsd/surefire-test-report-3.0.xsd" version="3.0" name="Model.TableTest" time="0.065" tests="7" errors="0" skipped="0" failures="0">
  <properties>
[...]
</properties>
  <testcase name="getCurrentColor" classname="Model.TableTest" time="0.051"/>
  <testcase name="modifier" classname="Model.TableTest" time="0"/>
  <testcase name="checkTable" classname="Model.TableTest" time="0.003"/>
  <testcase name="getCurrentPlayer" classname="Model.TableTest" time="0.002"/>
  <testcase name="getOldCoordinateX" classname="Model.TableTest" time="0"/>
  <testcase name="getOldCoordinateY" classname="Model.TableTest" time="0"/>
  <testcase name="generateTable" classname="Model.TableTest" time="0.001"/>
</testsuite>